{"/Users/jasonroundtree/projects/robs-burgers_restaurant_template/utils/calculateCostWithDiscount.js": {"path":"/Users/jasonroundtree/projects/robs-burgers_restaurant_template/utils/calculateCostWithDiscount.js","statementMap":{"0":{"start":{"line":4,"column":4},"end":{"line":6,"column":19}}},"fnMap":{"0":{"name":"calculateCostWithDiscount","decl":{"start":{"line":1,"column":24},"end":{"line":1,"column":49}},"loc":{"start":{"line":3,"column":2},"end":{"line":7,"column":1}},"line":3}},"branchMap":{"0":{"loc":{"start":{"line":4,"column":11},"end":{"line":6,"column":19}},"type":"cond-expr","locations":[{"start":{"line":5,"column":10},"end":{"line":5,"column":39}},{"start":{"line":6,"column":10},"end":{"line":6,"column":19}}],"line":4}},"s":{"0":2},"f":{"0":2},"b":{"0":[1,1]},"_coverageSchema":"1a1c01bbd47fc00a2c39e90264f33305004495a9","hash":"07e9938310ce348821d7d83a876c1af006736d14"}
,"/Users/jasonroundtree/projects/robs-burgers_restaurant_template/utils/formatCost.js": {"path":"/Users/jasonroundtree/projects/robs-burgers_restaurant_template/utils/formatCost.js","statementMap":{"0":{"start":{"line":2,"column":4},"end":{"line":8,"column":6}}},"fnMap":{"0":{"name":"formatCost","decl":{"start":{"line":1,"column":24},"end":{"line":1,"column":34}},"loc":{"start":{"line":1,"column":42},"end":{"line":9,"column":1}},"line":1}},"branchMap":{},"s":{"0":2},"f":{"0":2},"b":{},"_coverageSchema":"1a1c01bbd47fc00a2c39e90264f33305004495a9","hash":"ae462b7a512eb479665f5747ff7903d059ef589e"}
}
